[1.898s] Invoking command in '/home/huang/ros2_ws/src/fizzbuzz': DEBUGINFOD_URLS=https://debuginfod.ubuntu.com PYTHONPATH=/home/huang/ros2_ws/build/fizzbuzz/prefix_override:/usr/lib/python3/dist-packages/colcon_core/task/python/colcon_distutils_commands:/home/huang/ros2_ws/install/fizzbuzz/lib/python3.12/site-packages:${PYTHONPATH} /usr/bin/python3 -W ignore:setup.py install is deprecated -W ignore:easy_install command is deprecated setup.py egg_info --egg-base ../../build/fizzbuzz build --build-base /home/huang/ros2_ws/build/fizzbuzz/build install --record /home/huang/ros2_ws/build/fizzbuzz/install.log --single-version-externally-managed install_data
[2.380s] running egg_info
[2.381s] creating ../../build/fizzbuzz/fizzbuzz.egg-info
[2.413s] writing ../../build/fizzbuzz/fizzbuzz.egg-info/PKG-INFO
[2.414s] writing dependency_links to ../../build/fizzbuzz/fizzbuzz.egg-info/dependency_links.txt
[2.414s] writing requirements to ../../build/fizzbuzz/fizzbuzz.egg-info/requires.txt
[2.414s] writing top-level names to ../../build/fizzbuzz/fizzbuzz.egg-info/top_level.txt
[2.414s] writing manifest file '../../build/fizzbuzz/fizzbuzz.egg-info/SOURCES.txt'
[2.481s] reading manifest file '../../build/fizzbuzz/fizzbuzz.egg-info/SOURCES.txt'
[2.482s] writing manifest file '../../build/fizzbuzz/fizzbuzz.egg-info/SOURCES.txt'
[2.482s] running build
[2.482s] running build_py
[2.483s] creating /home/huang/ros2_ws/build/fizzbuzz/build
[2.483s] creating /home/huang/ros2_ws/build/fizzbuzz/build/lib
[2.483s] creating /home/huang/ros2_ws/build/fizzbuzz/build/lib/fizzbuzz
[2.483s] copying fizzbuzz/__init__.py -> /home/huang/ros2_ws/build/fizzbuzz/build/lib/fizzbuzz
[2.483s] running install
[2.496s] running install_lib
[2.532s] creating /home/huang/ros2_ws/install/fizzbuzz/lib/python3.12/site-packages/fizzbuzz
[2.532s] copying /home/huang/ros2_ws/build/fizzbuzz/build/lib/fizzbuzz/__init__.py -> /home/huang/ros2_ws/install/fizzbuzz/lib/python3.12/site-packages/fizzbuzz
[2.533s] byte-compiling /home/huang/ros2_ws/install/fizzbuzz/lib/python3.12/site-packages/fizzbuzz/__init__.py to __init__.cpython-312.pyc
[2.534s] running install_data
[2.534s] creating /home/huang/ros2_ws/install/fizzbuzz/share/ament_index
[2.534s] creating /home/huang/ros2_ws/install/fizzbuzz/share/ament_index/resource_index
[2.535s] creating /home/huang/ros2_ws/install/fizzbuzz/share/ament_index/resource_index/packages
[2.535s] copying resource/fizzbuzz -> /home/huang/ros2_ws/install/fizzbuzz/share/ament_index/resource_index/packages
[2.535s] copying package.xml -> /home/huang/ros2_ws/install/fizzbuzz/share/fizzbuzz
[2.535s] running install_egg_info
[2.571s] Copying ../../build/fizzbuzz/fizzbuzz.egg-info to /home/huang/ros2_ws/install/fizzbuzz/lib/python3.12/site-packages/fizzbuzz-0.0.0-py3.12.egg-info
[2.572s] running install_scripts
[2.823s] writing list of installed files to '/home/huang/ros2_ws/build/fizzbuzz/install.log'
[2.884s] Invoked command in '/home/huang/ros2_ws/src/fizzbuzz' returned '0': DEBUGINFOD_URLS=https://debuginfod.ubuntu.com PYTHONPATH=/home/huang/ros2_ws/build/fizzbuzz/prefix_override:/usr/lib/python3/dist-packages/colcon_core/task/python/colcon_distutils_commands:/home/huang/ros2_ws/install/fizzbuzz/lib/python3.12/site-packages:${PYTHONPATH} /usr/bin/python3 -W ignore:setup.py install is deprecated -W ignore:easy_install command is deprecated setup.py egg_info --egg-base ../../build/fizzbuzz build --build-base /home/huang/ros2_ws/build/fizzbuzz/build install --record /home/huang/ros2_ws/build/fizzbuzz/install.log --single-version-externally-managed install_data
