[1.100s] Invoking command in '/home/huang/ros2_ws/src/fizzbuzz': DEBUGINFOD_URLS=https://debuginfod.ubuntu.com PYTHONPATH=/home/huang/ros2_ws/build/fizzbuzz/prefix_override:/usr/lib/python3/dist-packages/colcon_core/task/python/colcon_distutils_commands:/home/huang/ros2_ws/install/fizzbuzz/lib/python3.12/site-packages:${PYTHONPATH} /usr/bin/python3 -W ignore:setup.py install is deprecated -W ignore:easy_install command is deprecated setup.py egg_info --egg-base ../../build/fizzbuzz build --build-base /home/huang/ros2_ws/build/fizzbuzz/build install --record /home/huang/ros2_ws/build/fizzbuzz/install.log --single-version-externally-managed install_data
[1.251s] running egg_info
[1.260s] writing ../../build/fizzbuzz/fizzbuzz.egg-info/PKG-INFO
[1.260s] writing dependency_links to ../../build/fizzbuzz/fizzbuzz.egg-info/dependency_links.txt
[1.261s] writing requirements to ../../build/fizzbuzz/fizzbuzz.egg-info/requires.txt
[1.261s] writing top-level names to ../../build/fizzbuzz/fizzbuzz.egg-info/top_level.txt
[1.280s] reading manifest file '../../build/fizzbuzz/fizzbuzz.egg-info/SOURCES.txt'
[1.281s] writing manifest file '../../build/fizzbuzz/fizzbuzz.egg-info/SOURCES.txt'
[1.281s] running build
[1.281s] running build_py
[1.281s] copying fizzbuzz/number_publisher.py -> /home/huang/ros2_ws/build/fizzbuzz/build/lib/fizzbuzz
[1.281s] running install
[1.285s] running install_lib
[1.295s] copying /home/huang/ros2_ws/build/fizzbuzz/build/lib/fizzbuzz/number_publisher.py -> /home/huang/ros2_ws/install/fizzbuzz/lib/python3.12/site-packages/fizzbuzz
[1.295s] byte-compiling /home/huang/ros2_ws/install/fizzbuzz/lib/python3.12/site-packages/fizzbuzz/number_publisher.py to number_publisher.cpython-312.pyc
[1.296s] running install_data
[1.296s] running install_egg_info
[1.306s] removing '/home/huang/ros2_ws/install/fizzbuzz/lib/python3.12/site-packages/fizzbuzz-0.0.0-py3.12.egg-info' (and everything under it)
[1.307s] Copying ../../build/fizzbuzz/fizzbuzz.egg-info to /home/huang/ros2_ws/install/fizzbuzz/lib/python3.12/site-packages/fizzbuzz-0.0.0-py3.12.egg-info
[1.307s] running install_scripts
[1.386s] writing list of installed files to '/home/huang/ros2_ws/build/fizzbuzz/install.log'
[1.418s] Invoked command in '/home/huang/ros2_ws/src/fizzbuzz' returned '0': DEBUGINFOD_URLS=https://debuginfod.ubuntu.com PYTHONPATH=/home/huang/ros2_ws/build/fizzbuzz/prefix_override:/usr/lib/python3/dist-packages/colcon_core/task/python/colcon_distutils_commands:/home/huang/ros2_ws/install/fizzbuzz/lib/python3.12/site-packages:${PYTHONPATH} /usr/bin/python3 -W ignore:setup.py install is deprecated -W ignore:easy_install command is deprecated setup.py egg_info --egg-base ../../build/fizzbuzz build --build-base /home/huang/ros2_ws/build/fizzbuzz/build install --record /home/huang/ros2_ws/build/fizzbuzz/install.log --single-version-externally-managed install_data
