[0.457s] Invoking command in '/home/huang/ros2_ws/src/fizzbuzz': DEBUGINFOD_URLS=https://debuginfod.ubuntu.com PYTHONPATH=/home/huang/ros2_ws/build/fizzbuzz/prefix_override:/usr/lib/python3/dist-packages/colcon_core/task/python/colcon_distutils_commands:/home/huang/ros2_ws/install/fizzbuzz/lib/python3.12/site-packages:${PYTHONPATH} /usr/bin/python3 -W ignore:setup.py install is deprecated -W ignore:easy_install command is deprecated setup.py egg_info --egg-base ../../build/fizzbuzz build --build-base /home/huang/ros2_ws/build/fizzbuzz/build install --record /home/huang/ros2_ws/build/fizzbuzz/install.log --single-version-externally-managed install_data
[0.598s] running egg_info
[0.607s] writing ../../build/fizzbuzz/fizzbuzz.egg-info/PKG-INFO
[0.607s] writing dependency_links to ../../build/fizzbuzz/fizzbuzz.egg-info/dependency_links.txt
[0.607s] writing entry points to ../../build/fizzbuzz/fizzbuzz.egg-info/entry_points.txt
[0.607s] writing requirements to ../../build/fizzbuzz/fizzbuzz.egg-info/requires.txt
[0.607s] writing top-level names to ../../build/fizzbuzz/fizzbuzz.egg-info/top_level.txt
[0.628s] reading manifest file '../../build/fizzbuzz/fizzbuzz.egg-info/SOURCES.txt'
[0.629s] writing manifest file '../../build/fizzbuzz/fizzbuzz.egg-info/SOURCES.txt'
[0.629s] running build
[0.629s] running build_py
[0.629s] copying fizzbuzz/fizzbuzz_subscriber_node.py -> /home/huang/ros2_ws/build/fizzbuzz/build/lib/fizzbuzz
[0.629s] running install
[0.634s] running install_lib
[0.643s] copying /home/huang/ros2_ws/build/fizzbuzz/build/lib/fizzbuzz/fizzbuzz_subscriber_node.py -> /home/huang/ros2_ws/install/fizzbuzz/lib/python3.12/site-packages/fizzbuzz
[0.644s] byte-compiling /home/huang/ros2_ws/install/fizzbuzz/lib/python3.12/site-packages/fizzbuzz/fizzbuzz_subscriber_node.py to fizzbuzz_subscriber_node.cpython-312.pyc
[0.644s] running install_data
[0.644s] running install_egg_info
[0.654s] removing '/home/huang/ros2_ws/install/fizzbuzz/lib/python3.12/site-packages/fizzbuzz-0.0.0-py3.12.egg-info' (and everything under it)
[0.654s] Copying ../../build/fizzbuzz/fizzbuzz.egg-info to /home/huang/ros2_ws/install/fizzbuzz/lib/python3.12/site-packages/fizzbuzz-0.0.0-py3.12.egg-info
[0.655s] running install_scripts
[0.726s] Installing fizzbuzz_subscriber script to /home/huang/ros2_ws/install/fizzbuzz/lib/fizzbuzz
[0.726s] Installing number_publisher script to /home/huang/ros2_ws/install/fizzbuzz/lib/fizzbuzz
[0.726s] writing list of installed files to '/home/huang/ros2_ws/build/fizzbuzz/install.log'
[0.751s] Invoked command in '/home/huang/ros2_ws/src/fizzbuzz' returned '0': DEBUGINFOD_URLS=https://debuginfod.ubuntu.com PYTHONPATH=/home/huang/ros2_ws/build/fizzbuzz/prefix_override:/usr/lib/python3/dist-packages/colcon_core/task/python/colcon_distutils_commands:/home/huang/ros2_ws/install/fizzbuzz/lib/python3.12/site-packages:${PYTHONPATH} /usr/bin/python3 -W ignore:setup.py install is deprecated -W ignore:easy_install command is deprecated setup.py egg_info --egg-base ../../build/fizzbuzz build --build-base /home/huang/ros2_ws/build/fizzbuzz/build install --record /home/huang/ros2_ws/build/fizzbuzz/install.log --single-version-externally-managed install_data
