[0.483s] Invoking command in '/home/huang/ros2_ws/src/fizzbuzz': AMENT_PREFIX_PATH=/home/huang/ros2_ws/install/fizzbuzz_interfaces:${AMENT_PREFIX_PATH} CMAKE_PREFIX_PATH=/home/huang/ros2_ws/install/fizzbuzz_interfaces:${CMAKE_PREFIX_PATH} DEBUGINFOD_URLS=https://debuginfod.ubuntu.com LD_LIBRARY_PATH=/home/huang/ros2_ws/install/fizzbuzz_interfaces/lib:${LD_LIBRARY_PATH} PYTHONPATH=/home/huang/ros2_ws/build/fizzbuzz/prefix_override:/usr/lib/python3/dist-packages/colcon_core/task/python/colcon_distutils_commands:/home/huang/ros2_ws/install/fizzbuzz/lib/python3.12/site-packages:/home/huang/ros2_ws/install/fizzbuzz_interfaces/lib/python3.12/site-packages:${PYTHONPATH} /usr/bin/python3 -W ignore:setup.py install is deprecated -W ignore:easy_install command is deprecated setup.py egg_info --egg-base ../../build/fizzbuzz build --build-base /home/huang/ros2_ws/build/fizzbuzz/build install --record /home/huang/ros2_ws/build/fizzbuzz/install.log --single-version-externally-managed install_data
[0.627s] running egg_info
[0.636s] writing ../../build/fizzbuzz/fizzbuzz.egg-info/PKG-INFO
[0.636s] writing dependency_links to ../../build/fizzbuzz/fizzbuzz.egg-info/dependency_links.txt
[0.636s] writing entry points to ../../build/fizzbuzz/fizzbuzz.egg-info/entry_points.txt
[0.637s] writing requirements to ../../build/fizzbuzz/fizzbuzz.egg-info/requires.txt
[0.637s] writing top-level names to ../../build/fizzbuzz/fizzbuzz.egg-info/top_level.txt
[0.657s] reading manifest file '../../build/fizzbuzz/fizzbuzz.egg-info/SOURCES.txt'
[0.658s] writing manifest file '../../build/fizzbuzz/fizzbuzz.egg-info/SOURCES.txt'
[0.658s] running build
[0.658s] running build_py
[0.658s] running install
[0.663s] running install_lib
[0.673s] running install_data
[0.673s] copying package.xml -> /home/huang/ros2_ws/install/fizzbuzz/share/fizzbuzz
[0.673s] creating /home/huang/ros2_ws/install/fizzbuzz/share/fizzbuzz/launch
[0.673s] copying launch/fizzbuzz_launch.py -> /home/huang/ros2_ws/install/fizzbuzz/share/fizzbuzz/launch
[0.673s] running install_egg_info
[0.682s] removing '/home/huang/ros2_ws/install/fizzbuzz/lib/python3.12/site-packages/fizzbuzz-0.0.0-py3.12.egg-info' (and everything under it)
[0.683s] Copying ../../build/fizzbuzz/fizzbuzz.egg-info to /home/huang/ros2_ws/install/fizzbuzz/lib/python3.12/site-packages/fizzbuzz-0.0.0-py3.12.egg-info
[0.684s] running install_scripts
[0.755s] Installing fizzbuzz_subscriber script to /home/huang/ros2_ws/install/fizzbuzz/lib/fizzbuzz
[0.755s] Installing number_publisher script to /home/huang/ros2_ws/install/fizzbuzz/lib/fizzbuzz
[0.755s] writing list of installed files to '/home/huang/ros2_ws/build/fizzbuzz/install.log'
[0.774s] Invoked command in '/home/huang/ros2_ws/src/fizzbuzz' returned '0': AMENT_PREFIX_PATH=/home/huang/ros2_ws/install/fizzbuzz_interfaces:${AMENT_PREFIX_PATH} CMAKE_PREFIX_PATH=/home/huang/ros2_ws/install/fizzbuzz_interfaces:${CMAKE_PREFIX_PATH} DEBUGINFOD_URLS=https://debuginfod.ubuntu.com LD_LIBRARY_PATH=/home/huang/ros2_ws/install/fizzbuzz_interfaces/lib:${LD_LIBRARY_PATH} PYTHONPATH=/home/huang/ros2_ws/build/fizzbuzz/prefix_override:/usr/lib/python3/dist-packages/colcon_core/task/python/colcon_distutils_commands:/home/huang/ros2_ws/install/fizzbuzz/lib/python3.12/site-packages:/home/huang/ros2_ws/install/fizzbuzz_interfaces/lib/python3.12/site-packages:${PYTHONPATH} /usr/bin/python3 -W ignore:setup.py install is deprecated -W ignore:easy_install command is deprecated setup.py egg_info --egg-base ../../build/fizzbuzz build --build-base /home/huang/ros2_ws/build/fizzbuzz/build install --record /home/huang/ros2_ws/build/fizzbuzz/install.log --single-version-externally-managed install_data
