[0.468s] Invoking command in '/home/huang/ros2_ws/src/fizzbuzz': DEBUGINFOD_URLS=https://debuginfod.ubuntu.com PYTHONPATH=/home/huang/ros2_ws/build/fizzbuzz/prefix_override:/usr/lib/python3/dist-packages/colcon_core/task/python/colcon_distutils_commands:/home/huang/ros2_ws/install/fizzbuzz/lib/python3.12/site-packages:${PYTHONPATH} /usr/bin/python3 -W ignore:setup.py install is deprecated -W ignore:easy_install command is deprecated setup.py egg_info --egg-base ../../build/fizzbuzz build --build-base /home/huang/ros2_ws/build/fizzbuzz/build install --record /home/huang/ros2_ws/build/fizzbuzz/install.log --single-version-externally-managed install_data
[0.614s] running egg_info
[0.624s] writing ../../build/fizzbuzz/fizzbuzz.egg-info/PKG-INFO
[0.625s] writing dependency_links to ../../build/fizzbuzz/fizzbuzz.egg-info/dependency_links.txt
[0.625s] writing entry points to ../../build/fizzbuzz/fizzbuzz.egg-info/entry_points.txt
[0.625s] writing requirements to ../../build/fizzbuzz/fizzbuzz.egg-info/requires.txt
[0.625s] writing top-level names to ../../build/fizzbuzz/fizzbuzz.egg-info/top_level.txt
[0.644s] reading manifest file '../../build/fizzbuzz/fizzbuzz.egg-info/SOURCES.txt'
[0.645s] writing manifest file '../../build/fizzbuzz/fizzbuzz.egg-info/SOURCES.txt'
[0.645s] running build
[0.645s] running build_py
[0.645s] running install
[0.649s] running install_lib
[0.660s] running install_data
[0.660s] copying package.xml -> /home/huang/ros2_ws/install/fizzbuzz/share/fizzbuzz
[0.660s] running install_egg_info
[0.670s] removing '/home/huang/ros2_ws/install/fizzbuzz/lib/python3.12/site-packages/fizzbuzz-0.0.0-py3.12.egg-info' (and everything under it)
[0.670s] Copying ../../build/fizzbuzz/fizzbuzz.egg-info to /home/huang/ros2_ws/install/fizzbuzz/lib/python3.12/site-packages/fizzbuzz-0.0.0-py3.12.egg-info
[0.671s] running install_scripts
[0.746s] Installing fizzbuzz_subscriber script to /home/huang/ros2_ws/install/fizzbuzz/lib/fizzbuzz
[0.746s] Installing number_publisher script to /home/huang/ros2_ws/install/fizzbuzz/lib/fizzbuzz
[0.746s] writing list of installed files to '/home/huang/ros2_ws/build/fizzbuzz/install.log'
[0.768s] Invoked command in '/home/huang/ros2_ws/src/fizzbuzz' returned '0': DEBUGINFOD_URLS=https://debuginfod.ubuntu.com PYTHONPATH=/home/huang/ros2_ws/build/fizzbuzz/prefix_override:/usr/lib/python3/dist-packages/colcon_core/task/python/colcon_distutils_commands:/home/huang/ros2_ws/install/fizzbuzz/lib/python3.12/site-packages:${PYTHONPATH} /usr/bin/python3 -W ignore:setup.py install is deprecated -W ignore:easy_install command is deprecated setup.py egg_info --egg-base ../../build/fizzbuzz build --build-base /home/huang/ros2_ws/build/fizzbuzz/build install --record /home/huang/ros2_ws/build/fizzbuzz/install.log --single-version-externally-managed install_data
